  Main.cpp
  ExtendLinkButton.cpp
  InputUiHolder.cpp
  MidiplusControlersCompile.cpp
F:\My Code\C#\Code202302\MAI46UI\NewProject\Builds\VisualStudio2019\InputUIComponent.h(305,10): warning C4834: 放弃具有 "nodiscard" 属性的函数的返回值 (编译源文件 InputUiHolder.cpp)
F:\My Code\C#\Code202302\MAI46UI\NewProject\Builds\VisualStudio2019\InputUIComponent.h(310,19): warning C4244: “初始化”: 从“int”转换到“float”，可能丢失数据 (编译源文件 InputUiHolder.cpp)
F:\My Code\C#\Code202302\MAI46UI\NewProject\Builds\VisualStudio2019\InputUIComponent.h(310,15): warning C4189: “ods”: 局部变量已初始化但不引用 (编译源文件 InputUiHolder.cpp)
F:\My Code\C#\Code202302\MAI46UI\NewProject\Builds\VisualStudio2019\InputUIComponent.h(305,10): warning C4834: 放弃具有 "nodiscard" 属性的函数的返回值 (编译源文件 MidiplusControlersCompile.cpp)
F:\My Code\C#\Code202302\MAI46UI\NewProject\Builds\VisualStudio2019\InputUIComponent.h(310,19): warning C4244: “初始化”: 从“int”转换到“float”，可能丢失数据 (编译源文件 MidiplusControlersCompile.cpp)
F:\My Code\C#\Code202302\MAI46UI\NewProject\Builds\VisualStudio2019\InputUIComponent.h(310,15): warning C4189: “ods”: 局部变量已初始化但不引用 (编译源文件 MidiplusControlersCompile.cpp)
F:\My Code\C#\Code202302\MAI46UI\NewProject\Builds\VisualStudio2019\InputUIComponent.h(305,10): warning C4834: 放弃具有 "nodiscard" 属性的函数的返回值 (编译源文件 ..\..\Source\Main.cpp)
F:\My Code\C#\Code202302\MAI46UI\NewProject\Builds\VisualStudio2019\InputUIComponent.h(310,19): warning C4244: “初始化”: 从“int”转换到“float”，可能丢失数据 (编译源文件 ..\..\Source\Main.cpp)
F:\My Code\C#\Code202302\MAI46UI\NewProject\Builds\VisualStudio2019\InputUIComponent.h(310,15): warning C4189: “ods”: 局部变量已初始化但不引用 (编译源文件 ..\..\Source\Main.cpp)
F:\My Code\C#\Code202302\MAI46UI\NewProject\Builds\VisualStudio2019\InputUIComponent.h(305,10): warning C4834: 放弃具有 "nodiscard" 属性的函数的返回值 (编译源文件 ExtendLinkButton.cpp)
F:\My Code\C#\Code202302\MAI46UI\NewProject\Builds\VisualStudio2019\InputUIComponent.h(310,19): warning C4244: “初始化”: 从“int”转换到“float”，可能丢失数据 (编译源文件 ExtendLinkButton.cpp)
F:\My Code\C#\Code202302\MAI46UI\NewProject\Builds\VisualStudio2019\InputUIComponent.h(310,15): warning C4189: “ods”: 局部变量已初始化但不引用 (编译源文件 ExtendLinkButton.cpp)
F:\My Code\C#\Code202302\MAI46UI\NewProject\Source\juce_hid\hid\juce_hid.h(1,1): warning C4819: 该文件包含不能在当前代码页(936)中表示的字符。请将该文件保存为 Unicode 格式以防止数据丢失 (编译源文件 InputUiHolder.cpp)
F:\My Code\C#\Code202302\MAI46UI\NewProject\Source\juce_hid\hid\juce_hid.h(1,1): warning C4819: 该文件包含不能在当前代码页(936)中表示的字符。请将该文件保存为 Unicode 格式以防止数据丢失 (编译源文件 ..\..\Source\Main.cpp)
F:\My Code\C#\Code202302\MAI46UI\NewProject\Builds\VisualStudio2019\InputUiHolder.h(37,23): warning C4100: “k”: 未引用的形参 (编译源文件 InputUiHolder.cpp)
F:\My Code\C#\Code202302\MAI46UI\NewProject\Builds\VisualStudio2019\InputUiHolder.h(183,49): warning C4100: “value2”: 未引用的形参 (编译源文件 InputUiHolder.cpp)
F:\My Code\C#\Code202302\MAI46UI\NewProject\Source\juce_hid\hid\juce_hid.h(1,1): warning C4819: 该文件包含不能在当前代码页(936)中表示的字符。请将该文件保存为 Unicode 格式以防止数据丢失 (编译源文件 MidiplusControlersCompile.cpp)
F:\My Code\C#\Code202302\MAI46UI\NewProject\Builds\VisualStudio2019\InputUiHolder.h(423,17): warning C4189: “ksadli”: 局部变量已初始化但不引用 (编译源文件 InputUiHolder.cpp)
F:\My Code\C#\Code202302\MAI46UI\NewProject\Builds\VisualStudio2019\InputUiHolder.h(37,23): warning C4100: “k”: 未引用的形参 (编译源文件 ..\..\Source\Main.cpp)
F:\My Code\C#\Code202302\MAI46UI\NewProject\Builds\VisualStudio2019\InputUiHolder.h(183,49): warning C4100: “value2”: 未引用的形参 (编译源文件 ..\..\Source\Main.cpp)
F:\My Code\C#\Code202302\MAI46UI\NewProject\Builds\VisualStudio2019\InputUiHolder.h(37,23): warning C4100: “k”: 未引用的形参 (编译源文件 MidiplusControlersCompile.cpp)
F:\My Code\C#\Code202302\MAI46UI\NewProject\Builds\VisualStudio2019\InputUiHolder.h(423,17): warning C4189: “ksadli”: 局部变量已初始化但不引用 (编译源文件 ..\..\Source\Main.cpp)
F:\My Code\C#\Code202302\MAI46UI\NewProject\Source\juce_hid\hid\juce_hid.h(1,1): warning C4819: 该文件包含不能在当前代码页(936)中表示的字符。请将该文件保存为 Unicode 格式以防止数据丢失 (编译源文件 ExtendLinkButton.cpp)
F:\My Code\C#\Code202302\MAI46UI\NewProject\Builds\VisualStudio2019\InputUiHolder.h(183,49): warning C4100: “value2”: 未引用的形参 (编译源文件 MidiplusControlersCompile.cpp)
F:\My Code\C#\Code202302\MAI46UI\NewProject\Builds\VisualStudio2019\InputUiHolder.h(423,17): warning C4189: “ksadli”: 局部变量已初始化但不引用 (编译源文件 MidiplusControlersCompile.cpp)
F:\My Code\C#\Code202302\MAI46UI\NewProject\Builds\VisualStudio2019\InputUiHolder.h(37,23): warning C4100: “k”: 未引用的形参 (编译源文件 ExtendLinkButton.cpp)
F:\My Code\C#\Code202302\MAI46UI\NewProject\Builds\VisualStudio2019\InputUiHolder.h(183,49): warning C4100: “value2”: 未引用的形参 (编译源文件 ExtendLinkButton.cpp)
F:\My Code\C#\Code202302\MAI46UI\NewProject\Builds\VisualStudio2019\InputUiHolder.h(423,17): warning C4189: “ksadli”: 局部变量已初始化但不引用 (编译源文件 ExtendLinkButton.cpp)
F:\My Code\C#\Code202302\MAI46UI\NewProject\Builds\VisualStudio2019\ExtendLinkButton.cpp(25,71): warning C4100: “holder”: 未引用的形参
F:\My Code\C#\Code202302\MAI46UI\NewProject\Builds\VisualStudio2019\MidiplusControlersCompile.h(241,23): warning C4100: “g”: 未引用的形参 (编译源文件 ..\..\Source\Main.cpp)
F:\My Code\C#\Code202302\MAI46UI\NewProject\Builds\VisualStudio2019\MidiplusControlersCompile.h(245,26): warning C4189: “currentHeight”: 局部变量已初始化但不引用 (编译源文件 ..\..\Source\Main.cpp)
F:\My Code\C#\Code202302\MAI46UI\NewProject\Builds\VisualStudio2019\MidiplusControlersCompile.h(408,23): warning C4100: “g”: 未引用的形参 (编译源文件 ..\..\Source\Main.cpp)
F:\My Code\C#\Code202302\MAI46UI\NewProject\Builds\VisualStudio2019\MidiplusControlersCompile.h(410,7): warning C4189: “p”: 局部变量已初始化但不引用 (编译源文件 ..\..\Source\Main.cpp)
F:\My Code\C#\Code202302\MAI46UI\NewProject\Builds\VisualStudio2019\MidiplusControlersCompile.h(241,23): warning C4100: “g”: 未引用的形参 (编译源文件 MidiplusControlersCompile.cpp)
F:\My Code\C#\Code202302\MAI46UI\NewProject\Builds\VisualStudio2019\MidiplusControlersCompile.h(245,26): warning C4189: “currentHeight”: 局部变量已初始化但不引用 (编译源文件 MidiplusControlersCompile.cpp)
F:\My Code\C#\Code202302\MAI46UI\NewProject\Builds\VisualStudio2019\MidiplusControlersCompile.h(408,23): warning C4100: “g”: 未引用的形参 (编译源文件 MidiplusControlersCompile.cpp)
F:\My Code\C#\Code202302\MAI46UI\NewProject\Builds\VisualStudio2019\MidiplusControlersCompile.h(410,7): warning C4189: “p”: 局部变量已初始化但不引用 (编译源文件 MidiplusControlersCompile.cpp)
F:\My Code\C#\Code202302\MAI46UI\NewProject\Builds\VisualStudio2019\MidiplusControlersCompile.h(475,15): warning C4189: “pConnToWave”: 局部变量已初始化但不引用 (编译源文件 ..\..\Source\Main.cpp)
F:\My Code\C#\Code202302\MAI46UI\NewProject\Builds\VisualStudio2019\MidiplusControlersCompile.h(467,20): warning C4189: “pDevTopoEndpt”: 局部变量已初始化但不引用 (编译源文件 ..\..\Source\Main.cpp)
F:\My Code\C#\Code202302\MAI46UI\NewProject\Builds\VisualStudio2019\MidiplusControlersCompile.h(474,26): warning C4189: “iAAGC”: 局部变量已初始化但不引用 (编译源文件 ..\..\Source\Main.cpp)
F:\My Code\C#\Code202302\MAI46UI\NewProject\Builds\VisualStudio2019\MidiplusControlersCompile.h(468,15): warning C4189: “pConnEndpt”: 局部变量已初始化但不引用 (编译源文件 ..\..\Source\Main.cpp)
F:\My Code\C#\Code202302\MAI46UI\NewProject\Builds\VisualStudio2019\MidiplusControlersCompile.h(471,21): warning C4189: “ppDevTopo”: 局部变量已初始化但不引用 (编译源文件 ..\..\Source\Main.cpp)
F:\My Code\C#\Code202302\MAI46UI\NewProject\Builds\VisualStudio2019\MidiplusControlersCompile.h(476,25): warning C4189: “daada”: 局部变量已初始化但不引用 (编译源文件 ..\..\Source\Main.cpp)
F:\My Code\C#\Code202302\MAI46UI\NewProject\Builds\VisualStudio2019\MidiplusControlersCompile.h(482,7): warning C4189: “sampleindex”: 局部变量已初始化但不引用 (编译源文件 ..\..\Source\Main.cpp)
F:\My Code\C#\Code202302\MAI46UI\NewProject\Builds\VisualStudio2019\MidiplusControlersCompile.h(473,15): warning C4189: “iAM”: 局部变量已初始化但不引用 (编译源文件 ..\..\Source\Main.cpp)
F:\My Code\C#\Code202302\MAI46UI\NewProject\Builds\VisualStudio2019\MidiplusControlersCompile.h(469,15): warning C4189: “pConnHWDev”: 局部变量已初始化但不引用 (编译源文件 ..\..\Source\Main.cpp)
F:\My Code\C#\Code202302\MAI46UI\NewProject\Builds\VisualStudio2019\MidiplusControlersCompile.h(459,17): warning C4189: “iAC”: 局部变量已初始化但不引用 (编译源文件 ..\..\Source\Main.cpp)
F:\My Code\C#\Code202302\MAI46UI\NewProject\Builds\VisualStudio2019\MidiplusControlersCompile.h(456,25): warning C4189: “iaev”: 局部变量已初始化但不引用 (编译源文件 ..\..\Source\Main.cpp)
F:\My Code\C#\Code202302\MAI46UI\NewProject\Builds\VisualStudio2019\MidiplusControlersCompile.h(470,10): warning C4189: “pPartConn”: 局部变量已初始化但不引用 (编译源文件 ..\..\Source\Main.cpp)
F:\My Code\C#\Code202302\MAI46UI\NewProject\Builds\VisualStudio2019\MidiplusControlersCompile.h(457,23): warning C4189: “isav”: 局部变量已初始化但不引用 (编译源文件 ..\..\Source\Main.cpp)
F:\My Code\C#\Code202302\MAI46UI\NewProject\Builds\VisualStudio2019\MidiplusControlersCompile.h(582,30): warning C4189: “PKLAD”: 局部变量已初始化但不引用 (编译源文件 ..\..\Source\Main.cpp)
F:\My Code\C#\Code202302\MAI46UI\NewProject\Builds\VisualStudio2019\MidiplusControlersCompile.h(504,19): warning C4189: “pwfx”: 局部变量已初始化但不引用 (编译源文件 ..\..\Source\Main.cpp)
F:\My Code\C#\Code202302\MAI46UI\NewProject\Builds\VisualStudio2019\MidiplusControlersCompile.h(589,19): warning C4189: “pwfx”: 局部变量已初始化但不引用 (编译源文件 ..\..\Source\Main.cpp)
F:\My Code\C#\Code202302\MAI46UI\NewProject\Builds\VisualStudio2019\MidiplusControlersCompile.h(632,19): warning C4189: “pwfx”: 局部变量已初始化但不引用 (编译源文件 ..\..\Source\Main.cpp)
F:\My Code\C#\Code202302\MAI46UI\NewProject\Builds\VisualStudio2019\MidiplusControlersCompile.h(644,19): warning C4189: “pwfx”: 局部变量已初始化但不引用 (编译源文件 ..\..\Source\Main.cpp)
F:\My Code\C#\Code202302\MAI46UI\NewProject\Builds\VisualStudio2019\MidiplusControlersCompile.h(755,9): warning C4189: “i”: 局部变量已初始化但不引用 (编译源文件 ..\..\Source\Main.cpp)
F:\My Code\C#\Code202302\MAI46UI\NewProject\Builds\VisualStudio2019\MidiplusControlersCompile.h(855,8): warning C4189: “asd”: 局部变量已初始化但不引用 (编译源文件 ..\..\Source\Main.cpp)
F:\My Code\C#\Code202302\MAI46UI\NewProject\Builds\VisualStudio2019\MidiplusControlersCompile.h(920,1): warning C4458: “klopa”的声明隐藏了类成员 (编译源文件 ..\..\Source\Main.cpp)
F:\My Code\C#\Code202302\MAI46UI\NewProject\Builds\VisualStudio2019\MidiplusControlersCompile.h(1181,17): message : 参见“MidiplusControlersCompile_ALL::klopa”的声明 (编译源文件 ..\..\Source\Main.cpp)
F:\My Code\C#\Code202302\MAI46UI\NewProject\Builds\VisualStudio2019\MidiplusControlersCompile.h(931,10): warning C4189: “SLEEPTIME”: 局部变量已初始化但不引用 (编译源文件 ..\..\Source\Main.cpp)
F:\My Code\C#\Code202302\MAI46UI\NewProject\Builds\VisualStudio2019\MidiplusControlersCompile.h(928,19): warning C4101: “data”: 未引用的局部变量 (编译源文件 ..\..\Source\Main.cpp)
F:\My Code\C#\Code202302\MAI46UI\NewProject\Builds\VisualStudio2019\MidiplusControlersCompile.h(930,11): warning C4189: “dataSize”: 局部变量已初始化但不引用 (编译源文件 ..\..\Source\Main.cpp)
F:\My Code\C#\Code202302\MAI46UI\NewProject\Builds\VisualStudio2019\MidiplusControlersCompile.h(981,8): warning C4189: “da”: 局部变量已初始化但不引用 (编译源文件 ..\..\Source\Main.cpp)
F:\My Code\C#\Code202302\MAI46UI\NewProject\Builds\VisualStudio2019\MidiplusControlersCompile.h(944,8): warning C4189: “initHid”: 局部变量已初始化但不引用 (编译源文件 ..\..\Source\Main.cpp)
F:\My Code\C#\Code202302\MAI46UI\NewProject\Builds\VisualStudio2019\MidiplusControlersCompile.h(977,9): warning C4189: “da”: 局部变量已初始化但不引用 (编译源文件 ..\..\Source\Main.cpp)
F:\My Code\C#\Code202302\MAI46UI\NewProject\Builds\VisualStudio2019\MidiplusControlersCompile.h(952,10): warning C4189: “ko”: 局部变量已初始化但不引用 (编译源文件 ..\..\Source\Main.cpp)
F:\My Code\C#\Code202302\MAI46UI\NewProject\Builds\VisualStudio2019\MidiplusControlersCompile.h(955,10): warning C4189: “kd”: 局部变量已初始化但不引用 (编译源文件 ..\..\Source\Main.cpp)
F:\My Code\C#\Code202302\MAI46UI\NewProject\Builds\VisualStudio2019\MidiplusControlersCompile.h(1021,1): warning C4267: “初始化”: 从“size_t”转换到“int”，可能丢失数据 (编译源文件 ..\..\Source\Main.cpp)
F:\My Code\C#\Code202302\MAI46UI\NewProject\Builds\VisualStudio2019\MidiplusControlersCompile.h(1022,8): warning C4189: “k”: 局部变量已初始化但不引用 (编译源文件 ..\..\Source\Main.cpp)
F:\My Code\C#\Code202302\MAI46UI\NewProject\Builds\VisualStudio2019\MidiplusControlersCompile.h(1021,8): warning C4189: “lk”: 局部变量已初始化但不引用 (编译源文件 ..\..\Source\Main.cpp)
F:\My Code\C#\Code202302\MAI46UI\NewProject\Builds\VisualStudio2019\MidiplusControlersCompile.h(1057,1): warning C4457: “index”的声明隐藏了函数参数 (编译源文件 ..\..\Source\Main.cpp)
F:\My Code\C#\Code202302\MAI46UI\NewProject\Builds\VisualStudio2019\MidiplusControlersCompile.h(1025,27): message : 参见“index”的声明 (编译源文件 ..\..\Source\Main.cpp)
F:\My Code\C#\Code202302\MAI46UI\NewProject\Builds\VisualStudio2019\MidiplusControlersCompile.h(1060,72): warning C4244: “参数”: 从“double”转换到“float”，可能丢失数据 (编译源文件 ..\..\Source\Main.cpp)
F:\My Code\C#\Code202302\MAI46UI\NewProject\Builds\VisualStudio2019\MidiplusControlersCompile.h(1062,77): warning C4244: “参数”: 从“double”转换到“float”，可能丢失数据 (编译源文件 ..\..\Source\Main.cpp)
F:\My Code\C#\Code202302\MAI46UI\NewProject\Builds\VisualStudio2019\MidiplusControlersCompile.h(1062,54): warning C4244: “参数”: 从“double”转换到“float”，可能丢失数据 (编译源文件 ..\..\Source\Main.cpp)
F:\My Code\C#\Code202302\MAI46UI\NewProject\Builds\VisualStudio2019\MidiplusControlersCompile.h(1035,10): warning C4189: “k”: 局部变量已初始化但不引用 (编译源文件 ..\..\Source\Main.cpp)
F:\My Code\C#\Code202302\MAI46UI\NewProject\Builds\VisualStudio2019\MidiplusControlersCompile.h(1068,10): warning C4189: “k”: 局部变量已初始化但不引用 (编译源文件 ..\..\Source\Main.cpp)
F:\My Code\C#\Code202302\MAI46UI\NewProject\Builds\VisualStudio2019\MidiplusControlersCompile.h(1078,10): warning C4189: “k”: 局部变量已初始化但不引用 (编译源文件 ..\..\Source\Main.cpp)
F:\My Code\C#\Code202302\MAI46UI\NewProject\Builds\VisualStudio2019\MidiplusControlersCompile.h(1088,10): warning C4189: “k”: 局部变量已初始化但不引用 (编译源文件 ..\..\Source\Main.cpp)
F:\My Code\C#\Code202302\MAI46UI\NewProject\Builds\VisualStudio2019\MidiplusControlersCompile.h(1098,10): warning C4189: “k”: 局部变量已初始化但不引用 (编译源文件 ..\..\Source\Main.cpp)
F:\My Code\C#\Code202302\MAI46UI\NewProject\Builds\VisualStudio2019\MidiplusControlersCompile.h(1108,10): warning C4189: “k”: 局部变量已初始化但不引用 (编译源文件 ..\..\Source\Main.cpp)
F:\My Code\C#\Code202302\MAI46UI\NewProject\Builds\VisualStudio2019\MidiplusControlersCompile.h(1118,10): warning C4189: “k”: 局部变量已初始化但不引用 (编译源文件 ..\..\Source\Main.cpp)
F:\My Code\C#\Code202302\MAI46UI\NewProject\Builds\VisualStudio2019\MidiplusControlersCompile.h(1128,10): warning C4189: “k”: 局部变量已初始化但不引用 (编译源文件 ..\..\Source\Main.cpp)
F:\My Code\C#\Code202302\MAI46UI\NewProject\Builds\VisualStudio2019\MidiplusControlersCompile.h(1192,1): warning C4458: “klopa”的声明隐藏了类成员 (编译源文件 ..\..\Source\Main.cpp)
F:\My Code\C#\Code202302\MAI46UI\NewProject\Builds\VisualStudio2019\MidiplusControlersCompile.h(1181,17): message : 参见“MidiplusControlersCompile_ALL::klopa”的声明 (编译源文件 ..\..\Source\Main.cpp)
F:\My Code\C#\Code202302\MAI46UI\NewProject\Builds\VisualStudio2019\MidiplusControlersCompile.h(1199,8): warning C4189: “psd”: 局部变量已初始化但不引用 (编译源文件 ..\..\Source\Main.cpp)
F:\My Code\C#\Code202302\MAI46UI\NewProject\Builds\VisualStudio2019\MidiplusControlersCompile.h(1217,67): warning C4458: “outputEndpoint”的声明隐藏了类成员 (编译源文件 ..\..\Source\Main.cpp)
F:\My Code\C#\Code202302\MAI46UI\NewProject\Builds\VisualStudio2019\MidiplusControlersCompile.h(1211,26): message : 参见“MidiplusControlersCompile_ALL::outputEndpoint”的声明 (编译源文件 ..\..\Source\Main.cpp)
F:\My Code\C#\Code202302\MAI46UI\NewProject\Builds\VisualStudio2019\MidiplusControlersCompile.h(1246,1): warning C4456: “iami”的声明隐藏了上一个本地声明 (编译源文件 ..\..\Source\Main.cpp)
F:\My Code\C#\Code202302\MAI46UI\NewProject\Builds\VisualStudio2019\MidiplusControlersCompile.h(1218,27): message : 参见“iami”的声明 (编译源文件 ..\..\Source\Main.cpp)
F:\My Code\C#\Code202302\MAI46UI\NewProject\Builds\VisualStudio2019\MidiplusControlersCompile.h(1244,20): warning C4189: “t3213”: 局部变量已初始化但不引用 (编译源文件 ..\..\Source\Main.cpp)
F:\My Code\C#\Code202302\MAI46UI\NewProject\Builds\VisualStudio2019\MidiplusControlersCompile.h(1259,11): warning C4189: “k”: 局部变量已初始化但不引用 (编译源文件 ..\..\Source\Main.cpp)
F:\My Code\C#\Code202302\MAI46UI\NewProject\Builds\VisualStudio2019\MidiplusControlersCompile.h(475,15): warning C4189: “pConnToWave”: 局部变量已初始化但不引用 (编译源文件 MidiplusControlersCompile.cpp)
F:\My Code\C#\Code202302\MAI46UI\NewProject\Builds\VisualStudio2019\MidiplusControlersCompile.h(467,20): warning C4189: “pDevTopoEndpt”: 局部变量已初始化但不引用 (编译源文件 MidiplusControlersCompile.cpp)
F:\My Code\C#\Code202302\MAI46UI\NewProject\Source\Main.cpp(31,42): warning C4100: “commandLine”: 未引用的形参
F:\My Code\C#\Code202302\MAI46UI\NewProject\Builds\VisualStudio2019\MidiplusControlersCompile.h(474,26): warning C4189: “iAAGC”: 局部变量已初始化但不引用 (编译源文件 MidiplusControlersCompile.cpp)
F:\My Code\C#\Code202302\MAI46UI\NewProject\Builds\VisualStudio2019\MidiplusControlersCompile.h(468,15): warning C4189: “pConnEndpt”: 局部变量已初始化但不引用 (编译源文件 MidiplusControlersCompile.cpp)
F:\My Code\C#\Code202302\MAI46UI\NewProject\Builds\VisualStudio2019\MidiplusControlersCompile.h(471,21): warning C4189: “ppDevTopo”: 局部变量已初始化但不引用 (编译源文件 MidiplusControlersCompile.cpp)
F:\My Code\C#\Code202302\MAI46UI\NewProject\Builds\VisualStudio2019\MidiplusControlersCompile.h(476,25): warning C4189: “daada”: 局部变量已初始化但不引用 (编译源文件 MidiplusControlersCompile.cpp)
F:\My Code\C#\Code202302\MAI46UI\NewProject\Builds\VisualStudio2019\MidiplusControlersCompile.h(482,7): warning C4189: “sampleindex”: 局部变量已初始化但不引用 (编译源文件 MidiplusControlersCompile.cpp)
F:\My Code\C#\Code202302\MAI46UI\NewProject\Builds\VisualStudio2019\MidiplusControlersCompile.h(473,15): warning C4189: “iAM”: 局部变量已初始化但不引用 (编译源文件 MidiplusControlersCompile.cpp)
F:\My Code\C#\Code202302\MAI46UI\NewProject\Builds\VisualStudio2019\MidiplusControlersCompile.h(469,15): warning C4189: “pConnHWDev”: 局部变量已初始化但不引用 (编译源文件 MidiplusControlersCompile.cpp)
F:\My Code\C#\Code202302\MAI46UI\NewProject\Builds\VisualStudio2019\MidiplusControlersCompile.h(459,17): warning C4189: “iAC”: 局部变量已初始化但不引用 (编译源文件 MidiplusControlersCompile.cpp)
F:\My Code\C#\Code202302\MAI46UI\NewProject\Source\Main.cpp(53,54): warning C4100: “commandLine”: 未引用的形参
F:\My Code\C#\Code202302\MAI46UI\NewProject\Builds\VisualStudio2019\MidiplusControlersCompile.h(456,25): warning C4189: “iaev”: 局部变量已初始化但不引用 (编译源文件 MidiplusControlersCompile.cpp)
F:\My Code\C#\Code202302\MAI46UI\NewProject\Builds\VisualStudio2019\MidiplusControlersCompile.h(470,10): warning C4189: “pPartConn”: 局部变量已初始化但不引用 (编译源文件 MidiplusControlersCompile.cpp)
F:\My Code\C#\Code202302\MAI46UI\NewProject\Builds\VisualStudio2019\MidiplusControlersCompile.h(457,23): warning C4189: “isav”: 局部变量已初始化但不引用 (编译源文件 MidiplusControlersCompile.cpp)
F:\My Code\C#\Code202302\MAI46UI\NewProject\Builds\VisualStudio2019\MidiplusControlersCompile.h(582,30): warning C4189: “PKLAD”: 局部变量已初始化但不引用 (编译源文件 MidiplusControlersCompile.cpp)
F:\My Code\C#\Code202302\MAI46UI\NewProject\Builds\VisualStudio2019\MidiplusControlersCompile.h(504,19): warning C4189: “pwfx”: 局部变量已初始化但不引用 (编译源文件 MidiplusControlersCompile.cpp)
F:\My Code\C#\Code202302\MAI46UI\NewProject\Builds\VisualStudio2019\MidiplusControlersCompile.h(589,19): warning C4189: “pwfx”: 局部变量已初始化但不引用 (编译源文件 MidiplusControlersCompile.cpp)
F:\My Code\C#\Code202302\MAI46UI\NewProject\Builds\VisualStudio2019\MidiplusControlersCompile.h(632,19): warning C4189: “pwfx”: 局部变量已初始化但不引用 (编译源文件 MidiplusControlersCompile.cpp)
F:\My Code\C#\Code202302\MAI46UI\NewProject\Builds\VisualStudio2019\MidiplusControlersCompile.h(644,19): warning C4189: “pwfx”: 局部变量已初始化但不引用 (编译源文件 MidiplusControlersCompile.cpp)
F:\My Code\C#\Code202302\MAI46UI\NewProject\Builds\VisualStudio2019\MidiplusControlersCompile.h(755,9): warning C4189: “i”: 局部变量已初始化但不引用 (编译源文件 MidiplusControlersCompile.cpp)
F:\My Code\C#\Code202302\MAI46UI\NewProject\Builds\VisualStudio2019\MidiplusControlersCompile.h(855,8): warning C4189: “asd”: 局部变量已初始化但不引用 (编译源文件 MidiplusControlersCompile.cpp)
F:\My Code\C#\Code202302\MAI46UI\NewProject\Builds\VisualStudio2019\MidiplusControlersCompile.h(920,1): warning C4458: “klopa”的声明隐藏了类成员 (编译源文件 MidiplusControlersCompile.cpp)
F:\My Code\C#\Code202302\MAI46UI\NewProject\Builds\VisualStudio2019\MidiplusControlersCompile.h(1181,17): message : 参见“MidiplusControlersCompile_ALL::klopa”的声明 (编译源文件 MidiplusControlersCompile.cpp)
F:\My Code\C#\Code202302\MAI46UI\NewProject\Builds\VisualStudio2019\MidiplusControlersCompile.h(931,10): warning C4189: “SLEEPTIME”: 局部变量已初始化但不引用 (编译源文件 MidiplusControlersCompile.cpp)
F:\My Code\C#\Code202302\MAI46UI\NewProject\Builds\VisualStudio2019\MidiplusControlersCompile.h(928,19): warning C4101: “data”: 未引用的局部变量 (编译源文件 MidiplusControlersCompile.cpp)
F:\My Code\C#\Code202302\MAI46UI\NewProject\Builds\VisualStudio2019\MidiplusControlersCompile.h(930,11): warning C4189: “dataSize”: 局部变量已初始化但不引用 (编译源文件 MidiplusControlersCompile.cpp)
F:\My Code\C#\Code202302\MAI46UI\NewProject\Builds\VisualStudio2019\MidiplusControlersCompile.h(981,8): warning C4189: “da”: 局部变量已初始化但不引用 (编译源文件 MidiplusControlersCompile.cpp)
F:\My Code\C#\Code202302\MAI46UI\NewProject\Builds\VisualStudio2019\MidiplusControlersCompile.h(944,8): warning C4189: “initHid”: 局部变量已初始化但不引用 (编译源文件 MidiplusControlersCompile.cpp)
F:\My Code\C#\Code202302\MAI46UI\NewProject\Builds\VisualStudio2019\MidiplusControlersCompile.h(977,9): warning C4189: “da”: 局部变量已初始化但不引用 (编译源文件 MidiplusControlersCompile.cpp)
F:\My Code\C#\Code202302\MAI46UI\NewProject\Builds\VisualStudio2019\MidiplusControlersCompile.h(952,10): warning C4189: “ko”: 局部变量已初始化但不引用 (编译源文件 MidiplusControlersCompile.cpp)
F:\My Code\C#\Code202302\MAI46UI\NewProject\Builds\VisualStudio2019\MidiplusControlersCompile.h(955,10): warning C4189: “kd”: 局部变量已初始化但不引用 (编译源文件 MidiplusControlersCompile.cpp)
F:\My Code\C#\Code202302\MAI46UI\NewProject\Builds\VisualStudio2019\MidiplusControlersCompile.h(1021,1): warning C4267: “初始化”: 从“size_t”转换到“int”，可能丢失数据 (编译源文件 MidiplusControlersCompile.cpp)
F:\My Code\C#\Code202302\MAI46UI\NewProject\Builds\VisualStudio2019\MidiplusControlersCompile.h(1022,8): warning C4189: “k”: 局部变量已初始化但不引用 (编译源文件 MidiplusControlersCompile.cpp)
F:\My Code\C#\Code202302\MAI46UI\NewProject\Builds\VisualStudio2019\MidiplusControlersCompile.h(1021,8): warning C4189: “lk”: 局部变量已初始化但不引用 (编译源文件 MidiplusControlersCompile.cpp)
F:\My Code\C#\Code202302\MAI46UI\NewProject\Builds\VisualStudio2019\MidiplusControlersCompile.h(1057,1): warning C4457: “index”的声明隐藏了函数参数 (编译源文件 MidiplusControlersCompile.cpp)
F:\My Code\C#\Code202302\MAI46UI\NewProject\Builds\VisualStudio2019\MidiplusControlersCompile.h(1025,27): message : 参见“index”的声明 (编译源文件 MidiplusControlersCompile.cpp)
F:\My Code\C#\Code202302\MAI46UI\NewProject\Builds\VisualStudio2019\MidiplusControlersCompile.h(1060,72): warning C4244: “参数”: 从“double”转换到“float”，可能丢失数据 (编译源文件 MidiplusControlersCompile.cpp)
F:\My Code\C#\Code202302\MAI46UI\NewProject\Builds\VisualStudio2019\MidiplusControlersCompile.h(1062,77): warning C4244: “参数”: 从“double”转换到“float”，可能丢失数据 (编译源文件 MidiplusControlersCompile.cpp)
F:\My Code\C#\Code202302\MAI46UI\NewProject\Builds\VisualStudio2019\MidiplusControlersCompile.h(1062,54): warning C4244: “参数”: 从“double”转换到“float”，可能丢失数据 (编译源文件 MidiplusControlersCompile.cpp)
F:\My Code\C#\Code202302\MAI46UI\NewProject\Builds\VisualStudio2019\MidiplusControlersCompile.h(1035,10): warning C4189: “k”: 局部变量已初始化但不引用 (编译源文件 MidiplusControlersCompile.cpp)
F:\My Code\C#\Code202302\MAI46UI\NewProject\Builds\VisualStudio2019\MidiplusControlersCompile.h(1068,10): warning C4189: “k”: 局部变量已初始化但不引用 (编译源文件 MidiplusControlersCompile.cpp)
F:\My Code\C#\Code202302\MAI46UI\NewProject\Builds\VisualStudio2019\MidiplusControlersCompile.h(1078,10): warning C4189: “k”: 局部变量已初始化但不引用 (编译源文件 MidiplusControlersCompile.cpp)
F:\My Code\C#\Code202302\MAI46UI\NewProject\Builds\VisualStudio2019\MidiplusControlersCompile.h(1088,10): warning C4189: “k”: 局部变量已初始化但不引用 (编译源文件 MidiplusControlersCompile.cpp)
F:\My Code\C#\Code202302\MAI46UI\NewProject\Builds\VisualStudio2019\MidiplusControlersCompile.h(1098,10): warning C4189: “k”: 局部变量已初始化但不引用 (编译源文件 MidiplusControlersCompile.cpp)
F:\My Code\C#\Code202302\MAI46UI\NewProject\Builds\VisualStudio2019\MidiplusControlersCompile.h(1108,10): warning C4189: “k”: 局部变量已初始化但不引用 (编译源文件 MidiplusControlersCompile.cpp)
F:\My Code\C#\Code202302\MAI46UI\NewProject\Builds\VisualStudio2019\MidiplusControlersCompile.h(1118,10): warning C4189: “k”: 局部变量已初始化但不引用 (编译源文件 MidiplusControlersCompile.cpp)
F:\My Code\C#\Code202302\MAI46UI\NewProject\Builds\VisualStudio2019\MidiplusControlersCompile.h(1128,10): warning C4189: “k”: 局部变量已初始化但不引用 (编译源文件 MidiplusControlersCompile.cpp)
F:\My Code\C#\Code202302\MAI46UI\NewProject\Builds\VisualStudio2019\MidiplusControlersCompile.h(1192,1): warning C4458: “klopa”的声明隐藏了类成员 (编译源文件 MidiplusControlersCompile.cpp)
F:\My Code\C#\Code202302\MAI46UI\NewProject\Builds\VisualStudio2019\MidiplusControlersCompile.h(1181,17): message : 参见“MidiplusControlersCompile_ALL::klopa”的声明 (编译源文件 MidiplusControlersCompile.cpp)
F:\My Code\C#\Code202302\MAI46UI\NewProject\Builds\VisualStudio2019\MidiplusControlersCompile.h(1199,8): warning C4189: “psd”: 局部变量已初始化但不引用 (编译源文件 MidiplusControlersCompile.cpp)
F:\My Code\C#\Code202302\MAI46UI\NewProject\Builds\VisualStudio2019\MidiplusControlersCompile.h(1217,67): warning C4458: “outputEndpoint”的声明隐藏了类成员 (编译源文件 MidiplusControlersCompile.cpp)
F:\My Code\C#\Code202302\MAI46UI\NewProject\Builds\VisualStudio2019\MidiplusControlersCompile.h(1211,26): message : 参见“MidiplusControlersCompile_ALL::outputEndpoint”的声明 (编译源文件 MidiplusControlersCompile.cpp)
F:\My Code\C#\Code202302\MAI46UI\NewProject\Builds\VisualStudio2019\MidiplusControlersCompile.h(1246,1): warning C4456: “iami”的声明隐藏了上一个本地声明 (编译源文件 MidiplusControlersCompile.cpp)
F:\My Code\C#\Code202302\MAI46UI\NewProject\Builds\VisualStudio2019\MidiplusControlersCompile.h(1218,27): message : 参见“iami”的声明 (编译源文件 MidiplusControlersCompile.cpp)
F:\My Code\C#\Code202302\MAI46UI\NewProject\Builds\VisualStudio2019\MidiplusControlersCompile.h(1244,20): warning C4189: “t3213”: 局部变量已初始化但不引用 (编译源文件 MidiplusControlersCompile.cpp)
F:\My Code\C#\Code202302\MAI46UI\NewProject\Builds\VisualStudio2019\MidiplusControlersCompile.h(1259,11): warning C4189: “k”: 局部变量已初始化但不引用 (编译源文件 MidiplusControlersCompile.cpp)
F:\My Code\C#\Code202302\MAI46UI\NewProject\Builds\VisualStudio2019\MidiplusControlersCompile.h(386): warning C4701: 使用了可能未初始化的局部变量“HidDevInfo”
F:\My Code\C#\Code202302\MAI46UI\NewProject\Builds\VisualStudio2019\MidiplusControlersCompile.h(386): warning C4703: 使用了可能未初始化的本地指针变量“HidDevInfo”
F:\My Code\C#\Code202302\MAI46UI\NewProject\Builds\VisualStudio2019\MidiplusControlersCompile.h(205): warning C4701: 使用了可能未初始化的局部变量“HidDevInfo”
F:\My Code\C#\Code202302\MAI46UI\NewProject\Builds\VisualStudio2019\MidiplusControlersCompile.h(205): warning C4703: 使用了可能未初始化的本地指针变量“HidDevInfo”
F:\My Code\C#\Code202302\MAI46UI\NewProject\Builds\VisualStudio2019\MidiplusControlersCompile.h(1014): warning C4701: 使用了可能未初始化的局部变量“selectedStatus”
F:\My Code\C#\Code202302\MAI46UI\NewProject\Builds\VisualStudio2019\MidiplusControlersCompile.h(1014): warning C4703: 使用了可能未初始化的本地指针变量“selectedStatus”
  NewProject_App.vcxproj -> F:\My Code\C#\Code202302\MAI46UI\NewProject\Builds\VisualStudio2019\x64\Debug\App\NewProject.exe
