f:\my code\c#\code202302\mai46ui\newproject\builds\visualstudio2019\x64\debug\app\newproject.pdb
f:\my code\c#\code202302\mai46ui\newproject\builds\visualstudio2019\x64\debug\app\include_juce_gui_basics.obj
f:\my code\c#\code202302\mai46ui\newproject\builds\visualstudio2019\x64\debug\app\juce_hid.obj
f:\my code\c#\code202302\mai46ui\newproject\builds\visualstudio2019\x64\debug\app\midipluscontrolerscompile.obj
f:\my code\c#\code202302\mai46ui\newproject\builds\visualstudio2019\x64\debug\app\driveroutputui.obj
f:\my code\c#\code202302\mai46ui\newproject\builds\visualstudio2019\x64\debug\app\include_juce_events.obj
f:\my code\c#\code202302\mai46ui\newproject\builds\visualstudio2019\x64\debug\app\main.obj
f:\my code\c#\code202302\mai46ui\newproject\builds\visualstudio2019\x64\debug\app\extendlinkbutton.obj
f:\my code\c#\code202302\mai46ui\newproject\builds\visualstudio2019\x64\debug\app\uiextendbuttonlistener.obj
f:\my code\c#\code202302\mai46ui\newproject\builds\visualstudio2019\x64\debug\app\include_juce_core.obj
f:\my code\c#\code202302\mai46ui\newproject\builds\visualstudio2019\x64\debug\app\uiholdercontrolbuttonlist.obj
f:\my code\c#\code202302\mai46ui\newproject\builds\visualstudio2019\x64\debug\app\binarydata.obj
f:\my code\c#\code202302\mai46ui\newproject\builds\visualstudio2019\x64\debug\app\include_juce_audio_basics.obj
f:\my code\c#\code202302\mai46ui\newproject\builds\visualstudio2019\x64\debug\app\include_juce_graphics.obj
f:\my code\c#\code202302\mai46ui\newproject\builds\visualstudio2019\x64\debug\app\controllabelmode01.obj
f:\my code\c#\code202302\mai46ui\newproject\builds\visualstudio2019\x64\debug\app\inputuiholder.obj
f:\my code\c#\code202302\mai46ui\newproject\builds\visualstudio2019\x64\debug\app\include_juce_data_structures.obj
f:\my code\c#\code202302\mai46ui\newproject\builds\visualstudio2019\x64\debug\app\extenddetailbutton.obj
f:\my code\c#\code202302\mai46ui\newproject\builds\visualstudio2019\x64\debug\app\maincomponent.obj
f:\my code\c#\code202302\mai46ui\newproject\builds\visualstudio2019\x64\debug\app\include_juce_audio_formats.obj
f:\my code\c#\code202302\mai46ui\newproject\builds\visualstudio2019\x64\debug\app\inputuicomponent.obj
f:\my code\c#\code202302\mai46ui\newproject\builds\visualstudio2019\x64\debug\app\include_juce_analytics.obj
f:\my code\c#\code202302\mai46ui\newproject\builds\visualstudio2019\x64\debug\app\include_juce_audio_devices.obj
f:\my code\c#\code202302\mai46ui\newproject\builds\visualstudio2019\x64\debug\app\newproject.exe
f:\my code\c#\code202302\mai46ui\newproject\builds\visualstudio2019\x64\debug\app\newproject.ilk
f:\my code\c#\code202302\mai46ui\newproject\builds\visualstudio2019\x64\debug\app\newproject.lib
f:\my code\c#\code202302\mai46ui\newproject\builds\visualstudio2019\x64\debug\app\newproject.exp
f:\my code\c#\code202302\mai46ui\newproject\builds\visualstudio2019\x64\debug\app\resources.res
f:\my code\c#\code202302\mai46ui\newproject\builds\visualstudio2019\x64\debug\app\newproject_app.tlog\cl.command.1.tlog
f:\my code\c#\code202302\mai46ui\newproject\builds\visualstudio2019\x64\debug\app\newproject_app.tlog\cl.read.1.tlog
f:\my code\c#\code202302\mai46ui\newproject\builds\visualstudio2019\x64\debug\app\newproject_app.tlog\cl.write.1.tlog
f:\my code\c#\code202302\mai46ui\newproject\builds\visualstudio2019\x64\debug\app\newproject_app.tlog\link.command.1.tlog
f:\my code\c#\code202302\mai46ui\newproject\builds\visualstudio2019\x64\debug\app\newproject_app.tlog\link.read.1.tlog
f:\my code\c#\code202302\mai46ui\newproject\builds\visualstudio2019\x64\debug\app\newproject_app.tlog\link.write.1.tlog
f:\my code\c#\code202302\mai46ui\newproject\builds\visualstudio2019\x64\debug\app\newproject_app.tlog\newproject_app.write.1u.tlog
f:\my code\c#\code202302\mai46ui\newproject\builds\visualstudio2019\x64\debug\app\newproject_app.tlog\rc.command.1.tlog
f:\my code\c#\code202302\mai46ui\newproject\builds\visualstudio2019\x64\debug\app\newproject_app.tlog\rc.read.1.tlog
f:\my code\c#\code202302\mai46ui\newproject\builds\visualstudio2019\x64\debug\app\newproject_app.tlog\rc.write.1.tlog
